<?xml version="1.0" encoding="UTF-8"?>
<testsuite name="co.udem.automatizacion.runners.ConsultarProcesosRunner" tests="0" skipped="0" failures="0" errors="0" timestamp="1970-01-01T00:00:00" hostname="CA-SMITH-X11200.corp.smith.co" time="0.0">
  <properties/>
  <system-out><![CDATA[Característica: Proceso Judicial
    David como ciudadano
    Quiere consultar sus procesos judiciales
    Para ver los avances de su proceso judicial

  Escenario: Consultar el proceso judicial 0000000000                                                                                  ?[90m# src/test/resources/features/consultar_procesos.feature:9?[0m
    ?[32mDado ?[0m?[32mque "?[0m?[32m?[1mDavid?[0m?[32m" esta consultando el proceso judicial?[0m                                                                              ?[90m# ConsultaProcesosSteps.consultarProcesoJudicial(String)?[0m
    ?[32mCuando ?[0m?[32mselecciona Ciudad "?[0m?[32m?[1mMEDELLIN?[0m?[32m", entidad "?[0m?[32m?[1mTRIBUNAL ADMINISTRATIVO DE ANTIOQUIA (ESCRITURAL)?[0m?[32m" y numero de radicado "?[0m?[32m?[1m0000000000?[0m?[32m"?[0m ?[90m# ConsultaProcesosSteps.ingresarCiudadEntidadRadicado(String,String,String)?[0m
    ?[32mEntonces ?[0m?[32mdebe poder activar la consulta?[0m                                                                                            ?[90m# ConsultaProcesosSteps.verificarActivacionConsulta()?[0m

1 Scenarios (?[32m1 passed?[0m)
3 Steps (?[32m3 passed?[0m)
0m13.988s

]]></system-out>
  <system-err><![CDATA[SLF4J: Failed to load class "org.slf4j.impl.StaticLoggerBinder".
SLF4J: Defaulting to no-operation (NOP) logger implementation
SLF4J: See http://www.slf4j.org/codes.html#StaticLoggerBinder for further details.
]]></system-err>
</testsuite>
